<?xml version="1.0" encoding="UTF-8"?>
<testng-results skipped="0" failed="0" total="1" passed="1">
  <reporter-output>
  </reporter-output>
  <suite name="Default suite" duration-ms="1553" started-at="2016-08-13T13:06:13Z" finished-at="2016-08-13T13:06:14Z">
    <groups>
    </groups>
    <test name="Default test" duration-ms="1553" started-at="2016-08-13T13:06:13Z" finished-at="2016-08-13T13:06:14Z">
      <class name="com.mvnbook.output.test.Test1">
        <test-method status="PASS" signature="testspringmybatis()[pri:0, instance:com.mvnbook.output.test.Test1@61a485d2]" name="testspringmybatis" duration-ms="1528" started-at="2016-08-13T21:06:13Z" finished-at="2016-08-13T21:06:14Z">
          <reporter-output>
          </reporter-output>
        </test-method> <!-- testspringmybatis -->
      </class> <!-- com.mvnbook.output.test.Test1 -->
    </test> <!-- Default test -->
  </suite> <!-- Default suite -->
</testng-results>
